<?xml version="1.0" encoding="UTF-8"?>
<!-- Generated by org.testng.reporters.JUnitReportReporter -->
<testsuite skipped="0" hostname="CSCINDAH503788" name="Project1.JenkinsTest.Class1" tests="1" failures="0" timestamp="07 Mar 2018 10:59:36 GMT" time="13.366" errors="0">
  <testcase name="Ajio" time="13.366" classname="Project1.JenkinsTest.Class1"/>
</testsuite> <!-- Project1.JenkinsTest.Class1 -->
